Determining if the pthread_create exist failed with the following output:
Change Dir: /home/theta/catkin_ws/build/CMakeFiles/CMakeTmp

Run Build Command:/usr/bin/make "cmTryCompileExec3801638765/fast"
/usr/bin/make -f CMakeFiles/cmTryCompileExec3801638765.dir/build.make CMakeFiles/cmTryCompileExec3801638765.dir/build
make[1]: Entering directory `/home/theta/catkin_ws/build/CMakeFiles/CMakeTmp'
/usr/bin/cmake -E cmake_progress_report /home/theta/catkin_ws/build/CMakeFiles/CMakeTmp/CMakeFiles 1
Building C object CMakeFiles/cmTryCompileExec3801638765.dir/CheckSymbolExists.c.o
/usr/bin/cc    -o CMakeFiles/cmTryCompileExec3801638765.dir/CheckSymbolExists.c.o   -c /home/theta/catkin_ws/build/CMakeFiles/CMakeTmp/CheckSymbolExists.c
Linking C executable cmTryCompileExec3801638765
/usr/bin/cmake -E cmake_link_script CMakeFiles/cmTryCompileExec3801638765.dir/link.txt --verbose=1
/usr/bin/cc       CMakeFiles/cmTryCompileExec3801638765.dir/CheckSymbolExists.c.o  -o cmTryCompileExec3801638765 -rdynamic 
CMakeFiles/cmTryCompileExec3801638765.dir/CheckSymbolExists.c.o: In function `main':
CheckSymbolExists.c:(.text+0x16): undefined reference to `pthread_create'
collect2: error: ld returned 1 exit status
make[1]: *** [cmTryCompileExec3801638765] Error 1
make[1]: Leaving directory `/home/theta/catkin_ws/build/CMakeFiles/CMakeTmp'
make: *** [cmTryCompileExec3801638765/fast] Error 2

File /home/theta/catkin_ws/build/CMakeFiles/CMakeTmp/CheckSymbolExists.c:
/* */
#include <pthread.h>

int main(int argc, char** argv)
{
  (void)argv;
#ifndef pthread_create
  return ((int*)(&pthread_create))[argc];
#else
  (void)argc;
  return 0;
#endif
}

Determining if the function pthread_create exists in the pthreads failed with the following output:
Change Dir: /home/theta/catkin_ws/build/CMakeFiles/CMakeTmp

Run Build Command:/usr/bin/make "cmTryCompileExec1457287615/fast"
/usr/bin/make -f CMakeFiles/cmTryCompileExec1457287615.dir/build.make CMakeFiles/cmTryCompileExec1457287615.dir/build
make[1]: Entering directory `/home/theta/catkin_ws/build/CMakeFiles/CMakeTmp'
/usr/bin/cmake -E cmake_progress_report /home/theta/catkin_ws/build/CMakeFiles/CMakeTmp/CMakeFiles 1
Building C object CMakeFiles/cmTryCompileExec1457287615.dir/CheckFunctionExists.c.o
/usr/bin/cc   -DCHECK_FUNCTION_EXISTS=pthread_create   -o CMakeFiles/cmTryCompileExec1457287615.dir/CheckFunctionExists.c.o   -c /usr/share/cmake-2.8/Modules/CheckFunctionExists.c
Linking C executable cmTryCompileExec1457287615
/usr/bin/cmake -E cmake_link_script CMakeFiles/cmTryCompileExec1457287615.dir/link.txt --verbose=1
/usr/bin/cc   -DCHECK_FUNCTION_EXISTS=pthread_create    CMakeFiles/cmTryCompileExec1457287615.dir/CheckFunctionExists.c.o  -o cmTryCompileExec1457287615 -rdynamic -lpthreads 
/usr/bin/ld: cannot find -lpthreads
collect2: error: ld returned 1 exit status
make[1]: *** [cmTryCompileExec1457287615] Error 1
make[1]: Leaving directory `/home/theta/catkin_ws/build/CMakeFiles/CMakeTmp'
make: *** [cmTryCompileExec1457287615/fast] Error 2


